# JRE version: OpenJDK Runtime Environment (11.0.13) (build 11.0.13+0-b1751.21-8125866)
# Java VM: OpenJDK 64-Bit Server VM (11.0.13+0-b1751.21-8125866, mixed mode, tiered, compressed oops, g1 gc, windows-amd64)
Heap:
 garbage-first heap   total 471040K, used 369664K [0x0000000080000000, 0x0000000100000000)
  region size 1024K, 116 young (118784K), 5 survivors (5120K)
 Metaspace       used 148630K, capacity 153352K, committed 153600K, reserved 1183744K
  class space    used 18062K, capacity 19699K, committed 19712K, reserved 1048576K
GC Heap History (20 events):
Event: 2083.708 GC heap before
{Heap before GC invocations=159 (full 0):
 garbage-first heap   total 471040K, used 407909K [0x0000000080000000, 0x0000000100000000)
  region size 1024K, 197 young (201728K), 7 survivors (7168K)
 Metaspace       used 148575K, capacity 153214K, committed 153344K, reserved 1183744K
  class space    used 18060K, capacity 19698K, committed 19712K, reserved 1048576K
}
Event: 2083.722 GC heap after
{Heap after GC invocations=160 (full 0):
 garbage-first heap   total 471040K, used 207994K [0x0000000080000000, 0x0000000100000000)
  region size 1024K, 3 young (3072K), 3 survivors (3072K)
 Metaspace       used 148575K, capacity 153214K, committed 153344K, reserved 1183744K
  class space    used 18060K, capacity 19698K, committed 19712K, reserved 1048576K
}
Event: 2083.797 GC heap before
{Heap before GC invocations=160 (full 0):
 garbage-first heap   total 471040K, used 227450K [0x0000000080000000, 0x0000000100000000)
  region size 1024K, 23 young (23552K), 3 survivors (3072K)
 Metaspace       used 148576K, capacity 153214K, committed 153344K, reserved 1183744K
  class space    used 18060K, capacity 19698K, committed 19712K, reserved 1048576K
}
Event: 2083.814 GC heap after
{Heap after GC invocations=161 (full 0):
 garbage-first heap   total 471040K, used 202687K [0x0000000080000000, 0x0000000100000000)
  region size 1024K, 2 young (2048K), 2 survivors (2048K)
 Metaspace       used 148576K, capacity 153214K, committed 153344K, reserved 1183744K
  class space    used 18060K, capacity 19698K, committed 19712K, reserved 1048576K
}
Event: 2085.737 GC heap before
{Heap before GC invocations=161 (full 0):
 garbage-first heap   total 471040K, used 407487K [0x0000000080000000, 0x0000000100000000)
  region size 1024K, 202 young (206848K), 2 survivors (2048K)
 Metaspace       used 148596K, capacity 153347K, committed 153600K, reserved 1183744K
  class space    used 18061K, capacity 19699K, committed 19712K, reserved 1048576K
}
Event: 2085.764 GC heap after
{Heap after GC invocations=162 (full 0):
 garbage-first heap   total 471040K, used 220699K [0x0000000080000000, 0x0000000100000000)
  region size 1024K, 19 young (19456K), 19 survivors (19456K)
 Metaspace       used 148596K, capacity 153347K, committed 153600K, reserved 1183744K
  class space    used 18061K, capacity 19699K, committed 19712K, reserved 1048576K
}
Event: 2086.168 GC heap before
{Heap before GC invocations=162 (full 0):
 garbage-first heap   total 471040K, used 253467K [0x0000000080000000, 0x0000000100000000)
  region size 1024K, 52 young (53248K), 19 survivors (19456K)
 Metaspace       used 148596K, capacity 153347K, committed 153600K, reserved 1183744K
  class space    used 18061K, capacity 19699K, committed 19712K, reserved 1048576K
}
Event: 2086.232 GC heap after
{Heap after GC invocations=163 (full 0):
 garbage-first heap   total 471040K, used 223312K [0x0000000080000000, 0x0000000100000000)
  region size 1024K, 7 young (7168K), 7 survivors (7168K)
 Metaspace       used 148596K, capacity 153347K, committed 153600K, reserved 1183744K
  class space    used 18061K, capacity 19699K, committed 19712K, reserved 1048576K
}
Event: 2087.598 GC heap before
{Heap before GC invocations=164 (full 0):
 garbage-first heap   total 471040K, used 326736K [0x0000000080000000, 0x0000000100000000)
  region size 1024K, 117 young (119808K), 7 survivors (7168K)
 Metaspace       used 148608K, capacity 153348K, committed 153600K, reserved 1183744K
  class space    used 18062K, capacity 19699K, committed 19712K, reserved 1048576K
}
Event: 2087.620 GC heap after
{Heap after GC invocations=165 (full 0):
 garbage-first heap   total 471040K, used 229376K [0x0000000080000000, 0x0000000100000000)
  region size 1024K, 15 young (15360K), 15 survivors (15360K)
 Metaspace       used 148608K, capacity 153348K, committed 153600K, reserved 1183744K
  class space    used 18062K, capacity 19699K, committed 19712K, reserved 1048576K
}
Event: 2087.648 GC heap before
{Heap before GC invocations=165 (full 0):
 garbage-first heap   total 471040K, used 236544K [0x0000000080000000, 0x0000000100000000)
  region size 1024K, 23 young (23552K), 15 survivors (15360K)
 Metaspace       used 148609K, capacity 153348K, committed 153600K, reserved 1183744K
  class space    used 18062K, capacity 19699K, committed 19712K, reserved 1048576K
}
Event: 2087.668 GC heap after
{Heap after GC invocations=166 (full 0):
 garbage-first heap   total 471040K, used 227840K [0x0000000080000000, 0x0000000100000000)
  region size 1024K, 3 young (3072K), 3 survivors (3072K)
 Metaspace       used 148609K, capacity 153348K, committed 153600K, reserved 1183744K
  class space    used 18062K, capacity 19699K, committed 19712K, reserved 1048576K
}
Event: 2088.768 GC heap before
{Heap before GC invocations=166 (full 0):
 garbage-first heap   total 471040K, used 342528K [0x0000000080000000, 0x0000000100000000)
  region size 1024K, 115 young (117760K), 3 survivors (3072K)
 Metaspace       used 148613K, capacity 153349K, committed 153600K, reserved 1183744K
  class space    used 18062K, capacity 19699K, committed 19712K, reserved 1048576K
}
Event: 2088.826 GC heap after
{Heap after GC invocations=167 (full 0):
 garbage-first heap   total 471040K, used 242164K [0x0000000080000000, 0x0000000100000000)
  region size 1024K, 15 young (15360K), 15 survivors (15360K)
 Metaspace       used 148613K, capacity 153349K, committed 153600K, reserved 1183744K
  class space    used 18062K, capacity 19699K, committed 19712K, reserved 1048576K
}
Event: 2092.293 GC heap before
{Heap before GC invocations=168 (full 0):
 garbage-first heap   total 471040K, used 354804K [0x0000000080000000, 0x0000000100000000)
  region size 1024K, 125 young (128000K), 15 survivors (15360K)
 Metaspace       used 148617K, capacity 153351K, committed 153600K, reserved 1183744K
  class space    used 18062K, capacity 19699K, committed 19712K, reserved 1048576K
}
Event: 2092.372 GC heap after
{Heap after GC invocations=169 (full 0):
 garbage-first heap   total 471040K, used 255015K [0x0000000080000000, 0x0000000100000000)
  region size 1024K, 13 young (13312K), 13 survivors (13312K)
 Metaspace       used 148617K, capacity 153351K, committed 153600K, reserved 1183744K
  class space    used 18062K, capacity 19699K, committed 19712K, reserved 1048576K
}
Event: 2092.431 GC heap before
{Heap before GC invocations=169 (full 0):
 garbage-first heap   total 471040K, used 265255K [0x0000000080000000, 0x0000000100000000)
  region size 1024K, 23 young (23552K), 13 survivors (13312K)
 Metaspace       used 148617K, capacity 153351K, committed 153600K, reserved 1183744K
  class space    used 18062K, capacity 19699K, committed 19712K, reserved 1048576K
}
Event: 2092.479 GC heap after
{Heap after GC invocations=170 (full 0):
 garbage-first heap   total 471040K, used 254464K [0x0000000080000000, 0x0000000100000000)
  region size 1024K, 3 young (3072K), 3 survivors (3072K)
 Metaspace       used 148617K, capacity 153351K, committed 153600K, reserved 1183744K
  class space    used 18062K, capacity 19699K, committed 19712K, reserved 1048576K
}
Event: 2096.935 GC heap before
{Heap before GC invocations=170 (full 0):
 garbage-first heap   total 471040K, used 364032K [0x0000000080000000, 0x0000000100000000)
  region size 1024K, 110 young (112640K), 3 survivors (3072K)
 Metaspace       used 148618K, capacity 153351K, committed 153600K, reserved 1183744K
  class space    used 18062K, capacity 19699K, committed 19712K, reserved 1048576K
}
Event: 2096.958 GC heap after
{Heap after GC invocations=171 (full 0):
 garbage-first heap   total 471040K, used 257024K [0x0000000080000000, 0x0000000100000000)
  region size 1024K, 5 young (5120K), 5 survivors (5120K)
 Metaspace       used 148618K, capacity 153351K, committed 153600K, reserved 1183744K
  class space    used 18062K, capacity 19699K, committed 19712K, reserved 1048576K
}

